<?xml version="1.0" encoding="UTF-8"?>
<!-- Generated by org.testng.reporters.JUnitReportReporter -->
<testsuite hostname="DESKTOP-5EVK54D" failures="0" tests="1" name="execution.RunAmazonTest" time="31.241" errors="0" timestamp="2023-04-02T08:03:30 IST" skipped="0">
  <testcase classname="execution.RunAmazonTest" name="runScenario" time="31.241"/>
  <system-out/>
</testsuite> <!-- execution.RunAmazonTest -->
