<?xml version="1.0" encoding="UTF-8"?>
<!-- Generated by org.testng.reporters.JUnitReportReporter -->
<testsuite hostname="DESKTOP-5EVK54D" failures="0" tests="1" name="runners.DataTableRunner" time="0.465" errors="0" timestamp="2023-03-30T07:47:20 IST" skipped="0">
  <testcase classname="runners.DataTableRunner" name="runScenario" time="0.465"/>
  <system-out/>
</testsuite> <!-- runners.DataTableRunner -->
