<?xml version="1.0" encoding="UTF-8"?>
<!-- Generated by org.testng.reporters.JUnitReportReporter -->
<testsuite hostname="DESKTOP-5EVK54D" failures="0" tests="3" name="runners.ProfileRunnerWithHooks" time="1.061" errors="0" timestamp="2023-03-31T07:33:23 IST" skipped="0">
  <testcase classname="runners.ProfileRunnerWithHooks" name="runScenario" time="0.215"/>
  <system-out/>
  <testcase classname="runners.ProfileRunnerWithHooks" name="runScenario" time="0.643"/>
  <system-out/>
  <testcase classname="runners.ProfileRunnerWithHooks" name="runScenario" time="0.203"/>
  <system-out/>
</testsuite> <!-- runners.ProfileRunnerWithHooks -->
