<?xml version="1.0" encoding="UTF-8"?>
<!-- Generated by org.testng.reporters.JUnitReportReporter -->
<testsuite hostname="DESKTOP-5EVK54D" failures="0" tests="1" name="runners.ProfileRunnerWithTags" time="0.541" errors="0" timestamp="2023-03-31T08:01:37 IST" skipped="0">
  <testcase classname="runners.ProfileRunnerWithTags" name="runScenario" time="0.541"/>
  <system-out/>
</testsuite> <!-- runners.ProfileRunnerWithTags -->
