<?xml version="1.0" encoding="UTF-8"?>
<!-- Generated by org.testng.reporters.JUnitReportReporter -->
<testsuite hostname="DESKTOP-5EVK54D" failures="0" tests="2" name="runners.OrderRunner" time="0.557" errors="0" timestamp="2023-03-29T07:51:09 IST" skipped="0">
  <testcase classname="runners.OrderRunner" name="runScenario" time="0.426"/>
  <system-out/>
  <testcase classname="runners.OrderRunner" name="runScenario" time="0.131"/>
  <system-out/>
</testsuite> <!-- runners.OrderRunner -->
