<?xml version="1.0" encoding="UTF-8"?>
<!-- Generated by org.testng.reporters.JUnitReportReporter -->
<testsuite hostname="DESKTOP-5EVK54D" failures="0" tests="2" name="runners.LoginRunner" time="1.304" errors="0" timestamp="2023-03-29T07:12:37 IST" skipped="0">
  <testcase classname="runners.LoginRunner" name="runScenario" time="0.124"/>
  <system-out/>
  <testcase classname="runners.LoginRunner" name="runScenario" time="1.180"/>
  <system-out/>
</testsuite> <!-- runners.LoginRunner -->
